<?xml version="1.0" encoding="UTF-8"?>
<testng-results skipped="0" failed="0" ignored="0" total="2" passed="2">
  <reporter-output>
  </reporter-output>
  <suite name="Suite" duration-ms="10415" started-at="2019-05-05T12:12:49Z" finished-at="2019-05-05T12:12:59Z">
    <groups>
    </groups>
    <test name="Test1" duration-ms="8625" started-at="2019-05-05T12:12:49Z" finished-at="2019-05-05T12:12:57Z">
      <class name="com.maven.project.LoginTest">
        <test-method status="PASS" signature="loginTest()[pri:0, instance:com.maven.project.LoginTest@1d057a39]" name="loginTest" duration-ms="8578" started-at="2019-05-05T12:12:49Z" finished-at="2019-05-05T12:12:57Z">
          <reporter-output>
          </reporter-output>
        </test-method> <!-- loginTest -->
      </class> <!-- com.maven.project.LoginTest -->
    </test> <!-- Test1 -->
    <test name="Test2" duration-ms="1742" started-at="2019-05-05T12:12:57Z" finished-at="2019-05-05T12:12:59Z">
      <class name="com.maven.project.GetTitleTest">
        <test-method status="PASS" signature="getTitle()[pri:0, instance:com.maven.project.GetTitleTest@1794d431]" name="getTitle" duration-ms="1738" started-at="2019-05-05T12:12:57Z" finished-at="2019-05-05T12:12:59Z">
          <reporter-output>
          </reporter-output>
        </test-method> <!-- getTitle -->
      </class> <!-- com.maven.project.GetTitleTest -->
    </test> <!-- Test2 -->
  </suite> <!-- Suite -->
</testng-results>
